<?xml version="1.0" encoding="UTF-8"?>
<testsuite xmlns:xsi="http://www.w3.org/2001/XMLSchema-instance" xsi:noNamespaceSchemaLocation="https://maven.apache.org/surefire/maven-surefire-plugin/xsd/surefire-test-report.xsd" name="steps.RunCucumberTest" time="0.343" tests="4" errors="0" skipped="3" failures="0">
  <properties>
    <property name="gopherProxySet" value="false"/>
    <property name="awt.toolkit" value="sun.lwawt.macosx.LWCToolkit"/>
    <property name="java.specification.version" value="1.8"/>
    <property name="file.encoding.pkg" value="sun.io"/>
    <property name="webdriver.chrome.driver" value=""/>
    <property name="sun.cpu.isalist" value=""/>
    <property name="sun.jnu.encoding" value="UTF-8"/>
    <property name="mi.test.ucn" value="51102"/>
    <property name="java.class.path" value="/Users/leducm/eclipse-workspace/samee-slms-automation-mi/target/test-classes:/Users/leducm/eclipse-workspace/samee-slms-automation-mi/target/classes:/Users/leducm/.m2/repository/com/hmhco/seleniumtools/qa-selenium-toolkit/1.0.5/qa-selenium-toolkit-1.0.5.jar:/Users/leducm/.m2/repository/org/seleniumhq/selenium/selenium-java/3.8.1/selenium-java-3.8.1.jar:/Users/leducm/.m2/repository/org/seleniumhq/selenium/selenium-api/3.8.1/selenium-api-3.8.1.jar:/Users/leducm/.m2/repository/org/seleniumhq/selenium/selenium-chrome-driver/3.8.1/selenium-chrome-driver-3.8.1.jar:/Users/leducm/.m2/repository/org/seleniumhq/selenium/selenium-edge-driver/3.8.1/selenium-edge-driver-3.8.1.jar:/Users/leducm/.m2/repository/org/seleniumhq/selenium/selenium-firefox-driver/3.8.1/selenium-firefox-driver-3.8.1.jar:/Users/leducm/.m2/repository/org/seleniumhq/selenium/selenium-ie-driver/3.8.1/selenium-ie-driver-3.8.1.jar:/Users/leducm/.m2/repository/org/seleniumhq/selenium/selenium-opera-driver/3.8.1/selenium-opera-driver-3.8.1.jar:/Users/leducm/.m2/repository/org/seleniumhq/selenium/selenium-remote-driver/3.8.1/selenium-remote-driver-3.8.1.jar:/Users/leducm/.m2/repository/org/seleniumhq/selenium/selenium-safari-driver/3.8.1/selenium-safari-driver-3.8.1.jar:/Users/leducm/.m2/repository/org/seleniumhq/selenium/selenium-support/3.8.1/selenium-support-3.8.1.jar:/Users/leducm/.m2/repository/net/bytebuddy/byte-buddy/1.7.5/byte-buddy-1.7.5.jar:/Users/leducm/.m2/repository/org/apache/commons/commons-exec/1.3/commons-exec-1.3.jar:/Users/leducm/.m2/repository/commons-logging/commons-logging/1.2/commons-logging-1.2.jar:/Users/leducm/.m2/repository/com/google/code/gson/gson/2.8.2/gson-2.8.2.jar:/Users/leducm/.m2/repository/com/google/guava/guava/23.0/guava-23.0.jar:/Users/leducm/.m2/repository/com/google/code/findbugs/jsr305/1.3.9/jsr305-1.3.9.jar:/Users/leducm/.m2/repository/com/google/errorprone/error_prone_annotations/2.0.18/error_prone_annotations-2.0.18.jar:/Users/leducm/.m2/repository/com/google/j2objc/j2objc-annotations/1.1/j2objc-annotations-1.1.jar:/Users/leducm/.m2/repository/org/codehaus/mojo/animal-sniffer-annotations/1.14/animal-sniffer-annotations-1.14.jar:/Users/leducm/.m2/repository/org/apache/httpcomponents/httpclient/4.5.3/httpclient-4.5.3.jar:/Users/leducm/.m2/repository/org/apache/httpcomponents/httpcore/4.4.6/httpcore-4.4.6.jar:/Users/leducm/.m2/repository/commons-io/commons-io/2.6/commons-io-2.6.jar:/Users/leducm/.m2/repository/com/hmhco/sam/automation-tool/1.0.19/automation-tool-1.0.19.jar:/Users/leducm/.m2/repository/org/jsoup/jsoup/1.10.1/jsoup-1.10.1.jar:/Users/leducm/.m2/repository/joda-time/joda-time/2.3/joda-time-2.3.jar:/Users/leducm/.m2/repository/hmh/isg/qa/spaces.pageobjects/1.0.9/spaces.pageobjects-1.0.9.jar:/Users/leducm/.m2/repository/net/sourceforge/jexcelapi/jxl/2.6.12/jxl-2.6.12.jar:/Users/leducm/.m2/repository/log4j/log4j/1.2.14/log4j-1.2.14.jar:/Users/leducm/.m2/repository/javax/mail/mail/1.4/mail-1.4.jar:/Users/leducm/.m2/repository/javax/activation/activation/1.1/activation-1.1.jar:/Users/leducm/.m2/repository/info/cukes/cucumber-core/1.2.5/cucumber-core-1.2.5.jar:/Users/leducm/.m2/repository/info/cukes/cucumber-html/0.2.3/cucumber-html-0.2.3.jar:/Users/leducm/.m2/repository/info/cukes/cucumber-jvm-deps/1.0.5/cucumber-jvm-deps-1.0.5.jar:/Users/leducm/.m2/repository/info/cukes/gherkin/2.12.2/gherkin-2.12.2.jar:/Users/leducm/.m2/repository/info/cukes/cucumber-java/1.2.5/cucumber-java-1.2.5.jar:/Users/leducm/.m2/repository/info/cukes/cucumber-junit/1.2.5/cucumber-junit-1.2.5.jar:/Users/leducm/.m2/repository/info/cukes/cucumber-picocontainer/1.2.5/cucumber-picocontainer-1.2.5.jar:/Users/leducm/.m2/repository/org/picocontainer/picocontainer/2.15/picocontainer-2.15.jar:/Users/leducm/.m2/repository/junit/junit/4.12/junit-4.12.jar:/Users/leducm/.m2/repository/org/hamcrest/hamcrest-core/1.3/hamcrest-core-1.3.jar:/Users/leducm/.m2/repository/org/apache/logging/log4j/log4j-core/2.10.0/log4j-core-2.10.0.jar:/Users/leducm/.m2/repository/org/apache/logging/log4j/log4j-api/2.10.0/log4j-api-2.10.0.jar:/Users/leducm/.m2/repository/com/opencsv/opencsv/3.9/opencsv-3.9.jar:/Users/leducm/.m2/repository/org/apache/commons/commons-lang3/3.5/commons-lang3-3.5.jar:/Users/leducm/.m2/repository/commons-beanutils/commons-beanutils/1.9.3/commons-beanutils-1.9.3.jar:/Users/leducm/.m2/repository/commons-collections/commons-collections/3.2.2/commons-collections-3.2.2.jar:/Users/leducm/.m2/repository/commons-cli/commons-cli/1.4/commons-cli-1.4.jar:/Users/leducm/.m2/repository/commons-codec/commons-codec/1.9/commons-codec-1.9.jar:/Users/leducm/.m2/repository/org/json/json/20170516/json-20170516.jar:"/>
    <property name="java.vm.vendor" value="Oracle Corporation"/>
    <property name="sun.arch.data.model" value="64"/>
    <property name="webdriver.ie.driver" value=""/>
    <property name="mi.test.sam.admin.username" value="samuser"/>
    <property name="java.vendor.url" value="http://java.oracle.com/"/>
    <property name="user.timezone" value=""/>
    <property name="os.name" value="Mac OS X"/>
    <property name="java.vm.specification.version" value="1.8"/>
    <property name="sun.java.launcher" value="SUN_STANDARD"/>
    <property name="mi.test.samcUrl" value="https://qa-samconnect.education.scholastic.com"/>
    <property name="user.country" value="US"/>
    <property name="sun.boot.library.path" value="/Library/Java/JavaVirtualMachines/jdk1.8.0_161.jdk/Contents/Home/jre/lib"/>
    <property name="sun.java.command" value="/Users/leducm/eclipse-workspace/samee-slms-automation-mi/target/surefire/surefirebooter4254590574282807286.jar /Users/leducm/eclipse-workspace/samee-slms-automation-mi/target/surefire 2018-04-09T15-21-55_035-jvmRun1 surefire4025584311156079946tmp surefire_02812723079887240017tmp"/>
    <property name="http.nonProxyHosts" value="local|*.local|169.254/16|*.169.254/16"/>
    <property name="surefire.test.class.path" value="/Users/leducm/eclipse-workspace/samee-slms-automation-mi/target/test-classes:/Users/leducm/eclipse-workspace/samee-slms-automation-mi/target/classes:/Users/leducm/.m2/repository/com/hmhco/seleniumtools/qa-selenium-toolkit/1.0.5/qa-selenium-toolkit-1.0.5.jar:/Users/leducm/.m2/repository/org/seleniumhq/selenium/selenium-java/3.8.1/selenium-java-3.8.1.jar:/Users/leducm/.m2/repository/org/seleniumhq/selenium/selenium-api/3.8.1/selenium-api-3.8.1.jar:/Users/leducm/.m2/repository/org/seleniumhq/selenium/selenium-chrome-driver/3.8.1/selenium-chrome-driver-3.8.1.jar:/Users/leducm/.m2/repository/org/seleniumhq/selenium/selenium-edge-driver/3.8.1/selenium-edge-driver-3.8.1.jar:/Users/leducm/.m2/repository/org/seleniumhq/selenium/selenium-firefox-driver/3.8.1/selenium-firefox-driver-3.8.1.jar:/Users/leducm/.m2/repository/org/seleniumhq/selenium/selenium-ie-driver/3.8.1/selenium-ie-driver-3.8.1.jar:/Users/leducm/.m2/repository/org/seleniumhq/selenium/selenium-opera-driver/3.8.1/selenium-opera-driver-3.8.1.jar:/Users/leducm/.m2/repository/org/seleniumhq/selenium/selenium-remote-driver/3.8.1/selenium-remote-driver-3.8.1.jar:/Users/leducm/.m2/repository/org/seleniumhq/selenium/selenium-safari-driver/3.8.1/selenium-safari-driver-3.8.1.jar:/Users/leducm/.m2/repository/org/seleniumhq/selenium/selenium-support/3.8.1/selenium-support-3.8.1.jar:/Users/leducm/.m2/repository/net/bytebuddy/byte-buddy/1.7.5/byte-buddy-1.7.5.jar:/Users/leducm/.m2/repository/org/apache/commons/commons-exec/1.3/commons-exec-1.3.jar:/Users/leducm/.m2/repository/commons-logging/commons-logging/1.2/commons-logging-1.2.jar:/Users/leducm/.m2/repository/com/google/code/gson/gson/2.8.2/gson-2.8.2.jar:/Users/leducm/.m2/repository/com/google/guava/guava/23.0/guava-23.0.jar:/Users/leducm/.m2/repository/com/google/code/findbugs/jsr305/1.3.9/jsr305-1.3.9.jar:/Users/leducm/.m2/repository/com/google/errorprone/error_prone_annotations/2.0.18/error_prone_annotations-2.0.18.jar:/Users/leducm/.m2/repository/com/google/j2objc/j2objc-annotations/1.1/j2objc-annotations-1.1.jar:/Users/leducm/.m2/repository/org/codehaus/mojo/animal-sniffer-annotations/1.14/animal-sniffer-annotations-1.14.jar:/Users/leducm/.m2/repository/org/apache/httpcomponents/httpclient/4.5.3/httpclient-4.5.3.jar:/Users/leducm/.m2/repository/org/apache/httpcomponents/httpcore/4.4.6/httpcore-4.4.6.jar:/Users/leducm/.m2/repository/commons-io/commons-io/2.6/commons-io-2.6.jar:/Users/leducm/.m2/repository/com/hmhco/sam/automation-tool/1.0.19/automation-tool-1.0.19.jar:/Users/leducm/.m2/repository/org/jsoup/jsoup/1.10.1/jsoup-1.10.1.jar:/Users/leducm/.m2/repository/joda-time/joda-time/2.3/joda-time-2.3.jar:/Users/leducm/.m2/repository/hmh/isg/qa/spaces.pageobjects/1.0.9/spaces.pageobjects-1.0.9.jar:/Users/leducm/.m2/repository/net/sourceforge/jexcelapi/jxl/2.6.12/jxl-2.6.12.jar:/Users/leducm/.m2/repository/log4j/log4j/1.2.14/log4j-1.2.14.jar:/Users/leducm/.m2/repository/javax/mail/mail/1.4/mail-1.4.jar:/Users/leducm/.m2/repository/javax/activation/activation/1.1/activation-1.1.jar:/Users/leducm/.m2/repository/info/cukes/cucumber-core/1.2.5/cucumber-core-1.2.5.jar:/Users/leducm/.m2/repository/info/cukes/cucumber-html/0.2.3/cucumber-html-0.2.3.jar:/Users/leducm/.m2/repository/info/cukes/cucumber-jvm-deps/1.0.5/cucumber-jvm-deps-1.0.5.jar:/Users/leducm/.m2/repository/info/cukes/gherkin/2.12.2/gherkin-2.12.2.jar:/Users/leducm/.m2/repository/info/cukes/cucumber-java/1.2.5/cucumber-java-1.2.5.jar:/Users/leducm/.m2/repository/info/cukes/cucumber-junit/1.2.5/cucumber-junit-1.2.5.jar:/Users/leducm/.m2/repository/info/cukes/cucumber-picocontainer/1.2.5/cucumber-picocontainer-1.2.5.jar:/Users/leducm/.m2/repository/org/picocontainer/picocontainer/2.15/picocontainer-2.15.jar:/Users/leducm/.m2/repository/junit/junit/4.12/junit-4.12.jar:/Users/leducm/.m2/repository/org/hamcrest/hamcrest-core/1.3/hamcrest-core-1.3.jar:/Users/leducm/.m2/repository/org/apache/logging/log4j/log4j-core/2.10.0/log4j-core-2.10.0.jar:/Users/leducm/.m2/repository/org/apache/logging/log4j/log4j-api/2.10.0/log4j-api-2.10.0.jar:/Users/leducm/.m2/repository/com/opencsv/opencsv/3.9/opencsv-3.9.jar:/Users/leducm/.m2/repository/org/apache/commons/commons-lang3/3.5/commons-lang3-3.5.jar:/Users/leducm/.m2/repository/commons-beanutils/commons-beanutils/1.9.3/commons-beanutils-1.9.3.jar:/Users/leducm/.m2/repository/commons-collections/commons-collections/3.2.2/commons-collections-3.2.2.jar:/Users/leducm/.m2/repository/commons-cli/commons-cli/1.4/commons-cli-1.4.jar:/Users/leducm/.m2/repository/commons-codec/commons-codec/1.9/commons-codec-1.9.jar:/Users/leducm/.m2/repository/org/json/json/20170516/json-20170516.jar:"/>
    <property name="sun.cpu.endian" value="little"/>
    <property name="user.home" value="/Users/leducm"/>
    <property name="user.language" value="en"/>
    <property name="java.specification.vendor" value="Oracle Corporation"/>
    <property name="mi.test.zone" value="DASH"/>
    <property name="mi.test.sam.admin.password" value="Welcome_1"/>
    <property name="java.home" value="/Library/Java/JavaVirtualMachines/jdk1.8.0_161.jdk/Contents/Home/jre"/>
    <property name="mi.test.skipSamcLogin" value="false"/>
    <property name="file.separator" value="/"/>
    <property name="basedir" value="/Users/leducm/eclipse-workspace/samee-slms-automation-mi"/>
    <property name="line.separator" value="&#10;"/>
    <property name="java.vm.specification.vendor" value="Oracle Corporation"/>
    <property name="java.specification.name" value="Java Platform API Specification"/>
    <property name="java.awt.graphicsenv" value="sun.awt.CGraphicsEnvironment"/>
    <property name="mi.test.sam.teacher.password" value="Welcome_1"/>
    <property name="surefire.real.class.path" value="/Users/leducm/eclipse-workspace/samee-slms-automation-mi/target/surefire/surefirebooter4254590574282807286.jar"/>
    <property name="mi.test.siteid" value="h511000002"/>
    <property name="mi.test.dashboardServerUrl" value="https://qa-dashboard.education.scholastic.com"/>
    <property name="mi.test.demoDelay" value="0"/>
    <property name="sun.boot.class.path" value="/Library/Java/JavaVirtualMachines/jdk1.8.0_161.jdk/Contents/Home/jre/lib/resources.jar:/Library/Java/JavaVirtualMachines/jdk1.8.0_161.jdk/Contents/Home/jre/lib/rt.jar:/Library/Java/JavaVirtualMachines/jdk1.8.0_161.jdk/Contents/Home/jre/lib/sunrsasign.jar:/Library/Java/JavaVirtualMachines/jdk1.8.0_161.jdk/Contents/Home/jre/lib/jsse.jar:/Library/Java/JavaVirtualMachines/jdk1.8.0_161.jdk/Contents/Home/jre/lib/jce.jar:/Library/Java/JavaVirtualMachines/jdk1.8.0_161.jdk/Contents/Home/jre/lib/charsets.jar:/Library/Java/JavaVirtualMachines/jdk1.8.0_161.jdk/Contents/Home/jre/lib/jfr.jar:/Library/Java/JavaVirtualMachines/jdk1.8.0_161.jdk/Contents/Home/jre/classes"/>
    <property name="mi.test.browser" value="chrome"/>
    <property name="sun.management.compiler" value="HotSpot 64-Bit Tiered Compilers"/>
    <property name="ftp.nonProxyHosts" value="local|*.local|169.254/16|*.169.254/16"/>
    <property name="webdriver.safari.driver" value=""/>
    <property name="java.runtime.version" value="1.8.0_161-b12"/>
    <property name="webdriver.edge.driver" value=""/>
    <property name="user.name" value="leducm"/>
    <property name="path.separator" value=":"/>
    <property name="os.version" value="10.11.6"/>
    <property name="java.endorsed.dirs" value="/Library/Java/JavaVirtualMachines/jdk1.8.0_161.jdk/Contents/Home/jre/lib/endorsed"/>
    <property name="java.runtime.name" value="Java(TM) SE Runtime Environment"/>
    <property name="file.encoding" value="UTF-8"/>
    <property name="java.vm.name" value="Java HotSpot(TM) 64-Bit Server VM"/>
    <property name="localRepository" value="/Users/leducm/.m2/repository"/>
    <property name="java.vendor.url.bug" value="http://bugreport.sun.com/bugreport/"/>
    <property name="java.io.tmpdir" value="/var/folders/09/9xr1lhj11fvbwp9mtk6m3s0h157q06/T/"/>
    <property name="java.version" value="1.8.0_161"/>
    <property name="mi.test.sam.teacher.username" value="ndtyson"/>
    <property name="user.dir" value="/Users/leducm/eclipse-workspace/samee-slms-automation-mi"/>
    <property name="os.arch" value="x86_64"/>
    <property name="webdriver.gecko.driver" value=""/>
    <property name="java.vm.specification.name" value="Java Virtual Machine Specification"/>
    <property name="java.awt.printerjob" value="sun.lwawt.macosx.CPrinterJob"/>
    <property name="sun.os.patch.level" value="unknown"/>
    <property name="mi.test.dashboardClientUrl" value="https://qa-dashboard.education.scholastic.com/dashboard/mi-client"/>
    <property name="java.library.path" value="/Users/leducm/Library/Java/Extensions:/Library/Java/Extensions:/Network/Library/Java/Extensions:/System/Library/Java/Extensions:/usr/lib/java:."/>
    <property name="java.vendor" value="Oracle Corporation"/>
    <property name="java.vm.info" value="mixed mode"/>
    <property name="java.vm.version" value="25.161-b12"/>
    <property name="sun.io.unicode.encoding" value="UnicodeBig"/>
    <property name="java.ext.dirs" value="/Users/leducm/Library/Java/Extensions:/Library/Java/JavaVirtualMachines/jdk1.8.0_161.jdk/Contents/Home/jre/lib/ext:/Library/Java/Extensions:/Network/Library/Java/Extensions:/System/Library/Java/Extensions:/usr/lib/java"/>
    <property name="java.class.version" value="52.0"/>
    <property name="socksNonProxyHosts" value="local|*.local|169.254/16|*.169.254/16"/>
  </properties>
  <testcase name="Given I open a browser" classname="Scenario: test api" time="0">
    <skipped/>
    <system-out><![CDATA[@smilogin @TEST
Feature: Do nothing
]]></system-out>
  </testcase>
  <testcase name="And I am on the student access page" classname="Scenario: test api" time="0">
    <skipped/>
  </testcase>
  <testcase name="Scenario: test api" classname="Scenario: test api" time="0">
    <skipped/>
  </testcase>
  <testcase name="Scenario: test api" classname="Scenario: test api" time="0.037"/>
</testsuite>